[debug] [2021-06-02T15:30:17.687Z] ----------------------------------------------------------------------
[debug] [2021-06-02T15:30:17.690Z] Command:       C:\Users\ezequ\Desktop\firebase-tools-instant-win.exe C:\Users\ezequ\.cache\firebase\tools\lib\node_modules\firebase-tools\lib\bin\firebase init
[debug] [2021-06-02T15:30:17.690Z] CLI Version:   9.5.0
[debug] [2021-06-02T15:30:17.690Z] Platform:      win32
[debug] [2021-06-02T15:30:17.690Z] Node Version:  v12.18.1
[debug] [2021-06-02T15:30:17.691Z] Time:          Wed Jun 02 2021 09:30:17 GMT-0600 (GMT-06:00)
[debug] [2021-06-02T15:30:17.692Z] ----------------------------------------------------------------------
[debug] [2021-06-02T15:30:17.692Z] 
[debug] [2021-06-02T15:30:17.708Z] > command requires scopes: ["email","openid","https://www.googleapis.com/auth/cloudplatformprojects.readonly","https://www.googleapis.com/auth/firebase","https://www.googleapis.com/auth/cloud-platform"]
[debug] [2021-06-02T15:30:17.709Z] > authorizing via signed-in user
[info] 
     ######## #### ########  ######## ########     ###     ######  ########
     ##        ##  ##     ## ##       ##     ##  ##   ##  ##       ##
     ######    ##  ########  ######   ########  #########  ######  ######
     ##        ##  ##    ##  ##       ##     ## ##     ##       ## ##
     ##       #### ##     ## ######## ########  ##     ##  ######  ########

You're about to initialize a Firebase project in this directory:

  C:\Users\ezequ\Desktop\important!\dev\ezequielC

[info] 
=== Project Setup
[info] 
[info] First, let's associate this project directory with a Firebase project.
[info] You can create multiple project aliases by running firebase use --add, 
[info] but for now we'll just set up a default project.
[info] 
[debug] [2021-06-02T15:30:29.055Z] >>> [apiv2][query] GET https://firebase.googleapis.com/v1beta1/projects pageSize=100
[debug] [2021-06-02T15:30:29.472Z] <<< [apiv2][status] GET https://firebase.googleapis.com/v1beta1/projects 200
[debug] [2021-06-02T15:30:29.473Z] <<< [apiv2][body] GET https://firebase.googleapis.com/v1beta1/projects [omitted]
[info] i  Using project ezequiel-pruebas (ezequiel-pruebas) 
[info] 
=== Hosting Setup
[info] 
[info] Your public directory is the folder (relative to your project directory) that
[info] will contain Hosting assets to be uploaded with firebase deploy. If you
[info] have a build process for your assets, use your build's output directory.
[info] 
